<?xml version="1.0" encoding="UTF-8"?>
<!-- Generated by org.testng.reporters.JUnitReportReporter -->
<testsuite hostname="Unni" failures="0" tests="1" name="testCases.TC_001_AccountRegistrationTest" time="3.700" errors="0" timestamp="2022-12-29T07:21:04 EST" skipped="0">
  <testcase classname="testCases.TC_001_AccountRegistrationTest" name="test_account_Registration" time="3.700"/>
  <system-out/>
</testsuite> <!-- testCases.TC_001_AccountRegistrationTest -->
