<?xml version="1.0" encoding="UTF-8"?>
<!-- Generated by org.testng.reporters.JUnitReportReporter -->
<testsuite hostname="Unni" failures="0" tests="1" name="testCases.TC_002_LoginTest" time="1.104" errors="0" timestamp="2023-01-01T14:03:25 EST" skipped="0">
  <testcase classname="testCases.TC_002_LoginTest" name="test_login" time="1.104"/>
  <system-out/>
</testsuite> <!-- testCases.TC_002_LoginTest -->
